ReactNativeApp/android/app/build/outputs/mapping/release/mapping.txt
# compiler: R8
# compiler_version: 1.4.94
# min_api: 16
com.reactnativeapp.MainActivity -> com.reactnativeapp.MainActivity:
    java.lang.String getMainComponentName() -> n
com.reactnativeapp.MainApplication -> com.reactnativeapp.MainApplication:
    com.facebook.react.ReactNativeHost mReactNativeHost -> a
    com.facebook.react.ReactNativeHost getReactNativeHost() -> a
com.reactnativeapp.MainApplication$1 -> com.reactnativeapp.a:
    com.reactnativeapp.MainApplication this$0 -> c
    java.lang.String getJSMainModuleName() -> e
    java.util.List getPackages() -> g
    boolean getUseDeveloperSupport() -> k
...
androidx.appcompat.widget.AppCompatImageButton -> androidx.appcompat.widget.r:
    androidx.appcompat.widget.AppCompatBackgroundHelper mBackgroundTintHelper -> a
    androidx.appcompat.widget.AppCompatImageHelper mImageHelper -> b
androidx.appcompat.widget.AppCompatImageHelper -> androidx.appcompat.widget.s:
    androidx.appcompat.widget.TintInfo mTmpInfo -> d
    android.widget.ImageView mView -> a
    androidx.appcompat.widget.TintInfo mInternalImageTint -> b
    androidx.appcompat.widget.TintInfo mImageTint -> c
    boolean applyFrameworkTintUsingColorFilter(android.graphics.drawable.Drawable) -> a
    void applySupportImageTint() -> a
    void loadFromAttributes(android.util.AttributeSet,int) -> a
    void setImageResource(int) -> a
    void setSupportImageTintList(android.content.res.ColorStateList) -> a
    void setSupportImageTintMode(android.graphics.PorterDuff$Mode) -> a
    android.content.res.ColorStateList getSupportImageTintList() -> b
    android.graphics.PorterDuff$Mode getSupportImageTintMode() -> c
    boolean hasOverlappingRendering() -> d
    boolean shouldApplyFrameworkTintUsingColorFilter() -> e
androidx.appcompat.widget.AppCompatImageView -> androidx.appcompat.widget.t:
    androidx.appcompat.widget.AppCompatBackgroundHelper mBackgroundTintHelper -> a
    androidx.appcompat.widget.AppCompatImageHelper mImageHelper -> b
androidx.appcompat.widget.AppCompatMultiAutoCompleteTextView -> androidx.appcompat.widget.u:
    androidx.appcompat.widget.AppCompatBackgroundHelper mBackgroundTintHelper -> b
    androidx.appcompat.widget.AppCompatTextHelper mTextHelper -> c
    int[] TINT_ATTRS -> a
androidx.appcompat.widget.AppCompatPopupWindow -> androidx.appcompat.widget.v:
    boolean COMPAT_OVERLAP_ANCHOR -> a
    boolean mOverlapAnchor -> b
    void init(android.content.Context,android.util.AttributeSet,int,int) -> a
    void setSupportOverlapAnchor(boolean) -> a
androidx.appcompat.widget.AppCompatProgressBarHelper -> androidx.appcompat.widget.w:
    android.graphics.Bitmap mSampleTile -> c
    android.widget.ProgressBar mView -> b
    int[] TINT_ATTRS -> a
    android.graphics.Bitmap getSampleTime() -> a
    void loadFromAttributes(android.util.AttributeSet,int) -> a
    android.graphics.drawable.Drawable tileify(android.graphics.drawable.Drawable,boolean) -> a
    android.graphics.drawable.Drawable tileifyIndeterminate(android.graphics.drawable.Drawable) -> a
    android.graphics.drawable.shapes.Shape getDrawableShape() -> b
androidx.appcompat.widget.AppCompatRadioButton -> androidx.appcompat.widget.x:
    androidx.appcompat.widget.AppCompatTextHelper mTextHelper -> b
    androidx.appcompat.widget.AppCompatCompoundButtonHelper mCompoundButtonHelper -> a
androidx.appcompat.widget.AppCompatRatingBar -> androidx.appcompat.widget.y:
    androidx.appcompat.widget.AppCompatProgressBarHelper mAppCompatProgressBarHelper -> a
androidx.appcompat.widget.AppCompatSeekBar -> androidx.appcompat.widget.z:
    androidx.appcompat.widget.AppCompatSeekBarHelper mAppCompatSeekBarHelper -> a
androidx.appcompat.widget.AppCompatSeekBarHelper -> androidx.appcompat.widget.A:
    android.graphics.drawable.Drawable mTickMark -> e
    boolean mHasTickMarkTintMode -> i
    android.content.res.ColorStateList mTickMarkTintList -> f
    android.graphics.PorterDuff$Mode mTickMarkTintMode -> g
    boolean mHasTickMarkTint -> h
    android.widget.SeekBar mView -> d
    void drawTickMarks(android.graphics.Canvas) -> a
    void loadFromAttributes(android.util.AttributeSet,int) -> a
    void setTickMark(android.graphics.drawable.Drawable) -> a
    void drawableStateChanged() -> b
    void jumpDrawablesToCurrentState() -> c
    void applyTickMarkTint() -> d